<?xml version="1.0" encoding="utf-8" standalone="no"?>
<test-results xmlns:xsi="http://www.w3.org/2001/XMLSchema-instance" xsi:noNamespaceSchemaLocation="nunit_schema_2.5.xsd" name="Pester" total="3" errors="0" failures="3" not-run="0" inconclusive="0" ignored="0" skipped="0" invalid="0" date="2019-05-28" time="17:15:56">
  <environment user="adanielg" machine-name="HXDTENGMS112" cwd="C:\code\UKHO.ChromeDriver.BinarySync" user-domain="ENGINEERING" platform="Microsoft Windows 10 Enterprise|C:\WINDOWS|\Device\Harddisk0\Partition4" nunit-version="2.5.8.0" os-version="10.0.17763" clr-version="4.0.30319.42000" />
  <culture-info current-culture="en-GB" current-uiculture="en-US" />
  <test-suite type="TestFixture" name="Pester" executed="True" result="Failure" success="False" time="2.618" asserts="0" description="Pester">
    <results>
      <test-suite type="TestFixture" name="C:\code\UKHO.ChromeDriver.BinarySync\Tests\PSScriptAnalyzer.Tests.ps1" executed="True" result="Failure" success="False" time="2.618" asserts="0" description="C:\code\UKHO.ChromeDriver.BinarySync\Tests\PSScriptAnalyzer.Tests.ps1">
        <results>
          <test-suite type="TestFixture" name="PSScriptAnalyzer" executed="True" result="Failure" success="False" time="2.5968" asserts="0" description="PSScriptAnalyzer">
            <results>
              <test-suite type="TestFixture" name="PSAlignAssignmentStatement" executed="True" result="Success" success="True" time="0.0597" asserts="0" description="PSAlignAssignmentStatement">
                <results />
              </test-suite>
              <test-suite type="TestFixture" name="PSAvoidUsingCmdletAliases" executed="True" result="Success" success="True" time="0.028" asserts="0" description="PSAvoidUsingCmdletAliases">
                <results />
              </test-suite>
              <test-suite type="TestFixture" name="PSAvoidAssignmentToAutomaticVariable" executed="True" result="Success" success="True" time="0.0303" asserts="0" description="PSAvoidAssignmentToAutomaticVariable">
                <results />
              </test-suite>
              <test-suite type="TestFixture" name="PSAvoidDefaultValueSwitchParameter" executed="True" result="Success" success="True" time="0.033" asserts="0" description="PSAvoidDefaultValueSwitchParameter">
                <results />
              </test-suite>
              <test-suite type="TestFixture" name="PSAvoidDefaultValueForMandatoryParameter" executed="True" result="Success" success="True" time="0.035" asserts="0" description="PSAvoidDefaultValueForMandatoryParameter">
                <results />
              </test-suite>
              <test-suite type="TestFixture" name="PSAvoidUsingEmptyCatchBlock" executed="True" result="Success" success="True" time="0.0351" asserts="0" description="PSAvoidUsingEmptyCatchBlock">
                <results />
              </test-suite>
              <test-suite type="TestFixture" name="PSAvoidGlobalAliases" executed="True" result="Success" success="True" time="0.0438" asserts="0" description="PSAvoidGlobalAliases">
                <results />
              </test-suite>
              <test-suite type="TestFixture" name="PSAvoidGlobalFunctions" executed="True" result="Success" success="True" time="0.04" asserts="0" description="PSAvoidGlobalFunctions">
                <results />
              </test-suite>
              <test-suite type="TestFixture" name="PSAvoidGlobalVars" executed="True" result="Success" success="True" time="0.0323" asserts="0" description="PSAvoidGlobalVars">
                <results />
              </test-suite>
              <test-suite type="TestFixture" name="PSAvoidInvokingEmptyMembers" executed="True" result="Success" success="True" time="0.0374" asserts="0" description="PSAvoidInvokingEmptyMembers">
                <results />
              </test-suite>
              <test-suite type="TestFixture" name="PSAvoidNullOrEmptyHelpMessageAttribute" executed="True" result="Success" success="True" time="0.0407" asserts="0" description="PSAvoidNullOrEmptyHelpMessageAttribute">
                <results />
              </test-suite>
              <test-suite type="TestFixture" name="PSAvoidUsingPositionalParameters" executed="True" result="Success" success="True" time="0.0388" asserts="0" description="PSAvoidUsingPositionalParameters">
                <results />
              </test-suite>
              <test-suite type="TestFixture" name="PSReservedCmdletChar" executed="True" result="Success" success="True" time="0.0372" asserts="0" description="PSReservedCmdletChar">
                <results />
              </test-suite>
              <test-suite type="TestFixture" name="PSReservedParams" executed="True" result="Success" success="True" time="0.0349" asserts="0" description="PSReservedParams">
                <results />
              </test-suite>
              <test-suite type="TestFixture" name="PSAvoidShouldContinueWithoutForce" executed="True" result="Success" success="True" time="0.0414" asserts="0" description="PSAvoidShouldContinueWithoutForce">
                <results />
              </test-suite>
              <test-suite type="TestFixture" name="PSAvoidTrailingWhitespace" executed="True" result="Success" success="True" time="0.0386" asserts="0" description="PSAvoidTrailingWhitespace">
                <results />
              </test-suite>
              <test-suite type="TestFixture" name="PSAvoidUsingUsernameAndPasswordParams" executed="True" result="Success" success="True" time="0.0398" asserts="0" description="PSAvoidUsingUsernameAndPasswordParams">
                <results />
              </test-suite>
              <test-suite type="TestFixture" name="PSAvoidUsingComputerNameHardcoded" executed="True" result="Success" success="True" time="0.0347" asserts="0" description="PSAvoidUsingComputerNameHardcoded">
                <results />
              </test-suite>
              <test-suite type="TestFixture" name="PSAvoidUsingConvertToSecureStringWithPlainText" executed="True" result="Success" success="True" time="0.0364" asserts="0" description="PSAvoidUsingConvertToSecureStringWithPlainText">
                <results />
              </test-suite>
              <test-suite type="TestFixture" name="PSAvoidUsingDeprecatedManifestFields" executed="True" result="Success" success="True" time="0.0377" asserts="0" description="PSAvoidUsingDeprecatedManifestFields">
                <results />
              </test-suite>
              <test-suite type="TestFixture" name="PSAvoidUsingInvokeExpression" executed="True" result="Success" success="True" time="0.0398" asserts="0" description="PSAvoidUsingInvokeExpression">
                <results />
              </test-suite>
              <test-suite type="TestFixture" name="PSAvoidUsingPlainTextForPassword" executed="True" result="Success" success="True" time="0.0317" asserts="0" description="PSAvoidUsingPlainTextForPassword">
                <results />
              </test-suite>
              <test-suite type="TestFixture" name="PSAvoidUsingWMICmdlet" executed="True" result="Success" success="True" time="0.0374" asserts="0" description="PSAvoidUsingWMICmdlet">
                <results />
              </test-suite>
              <test-suite type="TestFixture" name="PSAvoidUsingWriteHost" executed="True" result="Failure" success="False" time="0.1102" asserts="0" description="PSAvoidUsingWriteHost">
                <results>
                  <test-case description="C:\code\UKHO.ChromeDriver.BinarySync\Build\Set-ModuleAsPreRelease.ps1\Set-ModuleAsPreRelease.ps1 Line 5 Column 5" name="PSScriptAnalyzer.PSAvoidUsingWriteHost.C:\code\UKHO.ChromeDriver.BinarySync\Build\Set-ModuleAsPreRelease.ps1\Set-ModuleAsPreRelease.ps1 Line 5 Column 5" time="0.0063" asserts="0" success="False" result="Failure" executed="True">
                    <failure>
                      <message>File 'Set-ModuleAsPreRelease.ps1' uses Write-Host. Avoid using Write-Host because it might not work in all hosts, does not work when there is no host, and (prior to PS 5.0) cannot be suppressed, captured, or redirected. Instead, use Write-Output, Write-Verbose, or Write-Information.</message>
                      <stack-trace>at &lt;ScriptBlock&gt;, C:\code\UKHO.ChromeDriver.BinarySync\Tests\PSScriptAnalyzer.Tests.ps1: line 11
11:                     throw $_.Message
</stack-trace>
                    </failure>
                  </test-case>
                  <test-case description="C:\code\UKHO.ChromeDriver.BinarySync\Build\Set-ModuleAsPreRelease.ps1\Set-ModuleAsPreRelease.ps1 Line 5 Column 5" name="PSScriptAnalyzer.PSAvoidUsingWriteHost.C:\code\UKHO.ChromeDriver.BinarySync\Build\Set-ModuleAsPreRelease.ps1\Set-ModuleAsPreRelease.ps1 Line 5 Column 5" time="0.0017" asserts="0" success="False" result="Failure" executed="True">
                    <failure>
                      <message>File 'Set-ModuleAsPreRelease.ps1' uses Write-Host. Avoid using Write-Host because it might not work in all hosts, does not work when there is no host, and (prior to PS 5.0) cannot be suppressed, captured, or redirected. Instead, use Write-Output, Write-Verbose, or Write-Information.</message>
                      <stack-trace>at &lt;ScriptBlock&gt;, C:\code\UKHO.ChromeDriver.BinarySync\Tests\PSScriptAnalyzer.Tests.ps1: line 11
11:                     throw $_.Message
</stack-trace>
                    </failure>
                  </test-case>
                  <test-case description="C:\code\UKHO.ChromeDriver.BinarySync\Build\Set-ModuleVersion.ps1\Set-ModuleVersion.ps1 Line 1 Column 1" name="PSScriptAnalyzer.PSAvoidUsingWriteHost.C:\code\UKHO.ChromeDriver.BinarySync\Build\Set-ModuleVersion.ps1\Set-ModuleVersion.ps1 Line 1 Column 1" time="0.001" asserts="0" success="False" result="Failure" executed="True">
                    <failure>
                      <message>File 'Set-ModuleVersion.ps1' uses Write-Host. Avoid using Write-Host because it might not work in all hosts, does not work when there is no host, and (prior to PS 5.0) cannot be suppressed, captured, or redirected. Instead, use Write-Output, Write-Verbose, or Write-Information.</message>
                      <stack-trace>at &lt;ScriptBlock&gt;, C:\code\UKHO.ChromeDriver.BinarySync\Tests\PSScriptAnalyzer.Tests.ps1: line 11
11:                     throw $_.Message
</stack-trace>
                    </failure>
                  </test-case>
                </results>
              </test-suite>
              <test-suite type="TestFixture" name="PSUseCompatibleCommands" executed="True" result="Success" success="True" time="0.0393" asserts="0" description="PSUseCompatibleCommands">
                <results />
              </test-suite>
              <test-suite type="TestFixture" name="PSUseCompatibleSyntax" executed="True" result="Success" success="True" time="0.0333" asserts="0" description="PSUseCompatibleSyntax">
                <results />
              </test-suite>
              <test-suite type="TestFixture" name="PSUseCompatibleTypes" executed="True" result="Success" success="True" time="0.0359" asserts="0" description="PSUseCompatibleTypes">
                <results />
              </test-suite>
              <test-suite type="TestFixture" name="PSMisleadingBacktick" executed="True" result="Success" success="True" time="0.0308" asserts="0" description="PSMisleadingBacktick">
                <results />
              </test-suite>
              <test-suite type="TestFixture" name="PSMissingModuleManifestField" executed="True" result="Success" success="True" time="0.0346" asserts="0" description="PSMissingModuleManifestField">
                <results />
              </test-suite>
              <test-suite type="TestFixture" name="PSPlaceCloseBrace" executed="True" result="Success" success="True" time="0.0351" asserts="0" description="PSPlaceCloseBrace">
                <results />
              </test-suite>
              <test-suite type="TestFixture" name="PSPlaceOpenBrace" executed="True" result="Success" success="True" time="0.0346" asserts="0" description="PSPlaceOpenBrace">
                <results />
              </test-suite>
              <test-suite type="TestFixture" name="PSPossibleIncorrectComparisonWithNull" executed="True" result="Success" success="True" time="0.0321" asserts="0" description="PSPossibleIncorrectComparisonWithNull">
                <results />
              </test-suite>
              <test-suite type="TestFixture" name="PSPossibleIncorrectUsageOfAssignmentOperator" executed="True" result="Success" success="True" time="0.038" asserts="0" description="PSPossibleIncorrectUsageOfAssignmentOperator">
                <results />
              </test-suite>
              <test-suite type="TestFixture" name="PSPossibleIncorrectUsageOfRedirectionOperator" executed="True" result="Success" success="True" time="0.0342" asserts="0" description="PSPossibleIncorrectUsageOfRedirectionOperator">
                <results />
              </test-suite>
              <test-suite type="TestFixture" name="PSProvideCommentHelp" executed="True" result="Success" success="True" time="0.0378" asserts="0" description="PSProvideCommentHelp">
                <results />
              </test-suite>
              <test-suite type="TestFixture" name="PSUseApprovedVerbs" executed="True" result="Success" success="True" time="0.0365" asserts="0" description="PSUseApprovedVerbs">
                <results />
              </test-suite>
              <test-suite type="TestFixture" name="PSUseBOMForUnicodeEncodedFile" executed="True" result="Success" success="True" time="0.0339" asserts="0" description="PSUseBOMForUnicodeEncodedFile">
                <results />
              </test-suite>
              <test-suite type="TestFixture" name="PSUseCmdletCorrectly" executed="True" result="Success" success="True" time="0.0441" asserts="0" description="PSUseCmdletCorrectly">
                <results />
              </test-suite>
              <test-suite type="TestFixture" name="PSUseCompatibleCmdlets" executed="True" result="Success" success="True" time="0.0337" asserts="0" description="PSUseCompatibleCmdlets">
                <results />
              </test-suite>
              <test-suite type="TestFixture" name="PSUseConsistentIndentation" executed="True" result="Success" success="True" time="0.0362" asserts="0" description="PSUseConsistentIndentation">
                <results />
              </test-suite>
              <test-suite type="TestFixture" name="PSUseConsistentWhitespace" executed="True" result="Success" success="True" time="0.0318" asserts="0" description="PSUseConsistentWhitespace">
                <results />
              </test-suite>
              <test-suite type="TestFixture" name="PSUseCorrectCasing" executed="True" result="Success" success="True" time="0.0365" asserts="0" description="PSUseCorrectCasing">
                <results />
              </test-suite>
              <test-suite type="TestFixture" name="PSUseDeclaredVarsMoreThanAssignments" executed="True" result="Success" success="True" time="0.0345" asserts="0" description="PSUseDeclaredVarsMoreThanAssignments">
                <results />
              </test-suite>
              <test-suite type="TestFixture" name="PSUseLiteralInitializerForHashtable" executed="True" result="Success" success="True" time="0.0401" asserts="0" description="PSUseLiteralInitializerForHashtable">
                <results />
              </test-suite>
              <test-suite type="TestFixture" name="PSUseOutputTypeCorrectly" executed="True" result="Success" success="True" time="0.0295" asserts="0" description="PSUseOutputTypeCorrectly">
                <results />
              </test-suite>
              <test-suite type="TestFixture" name="PSUsePSCredentialType" executed="True" result="Success" success="True" time="0.0354" asserts="0" description="PSUsePSCredentialType">
                <results />
              </test-suite>
              <test-suite type="TestFixture" name="PSShouldProcess" executed="True" result="Success" success="True" time="0.0331" asserts="0" description="PSShouldProcess">
                <results />
              </test-suite>
              <test-suite type="TestFixture" name="PSUseShouldProcessForStateChangingFunctions" executed="True" result="Success" success="True" time="0.0342" asserts="0" description="PSUseShouldProcessForStateChangingFunctions">
                <results />
              </test-suite>
              <test-suite type="TestFixture" name="PSUseSingularNouns" executed="True" result="Success" success="True" time="0.0353" asserts="0" description="PSUseSingularNouns">
                <results />
              </test-suite>
              <test-suite type="TestFixture" name="PSUseSupportsShouldProcess" executed="True" result="Success" success="True" time="0.0389" asserts="0" description="PSUseSupportsShouldProcess">
                <results />
              </test-suite>
              <test-suite type="TestFixture" name="PSUseToExportFieldsInManifest" executed="True" result="Success" success="True" time="0.0372" asserts="0" description="PSUseToExportFieldsInManifest">
                <results />
              </test-suite>
              <test-suite type="TestFixture" name="PSUseUTF8EncodingForHelpFile" executed="True" result="Success" success="True" time="0.0386" asserts="0" description="PSUseUTF8EncodingForHelpFile">
                <results />
              </test-suite>
              <test-suite type="TestFixture" name="PSDSCDscExamplesPresent" executed="True" result="Success" success="True" time="0.0413" asserts="0" description="PSDSCDscExamplesPresent">
                <results />
              </test-suite>
              <test-suite type="TestFixture" name="PSDSCDscTestsPresent" executed="True" result="Success" success="True" time="0.0345" asserts="0" description="PSDSCDscTestsPresent">
                <results />
              </test-suite>
              <test-suite type="TestFixture" name="PSDSCReturnCorrectTypesForDSCFunctions" executed="True" result="Success" success="True" time="0.0358" asserts="0" description="PSDSCReturnCorrectTypesForDSCFunctions">
                <results />
              </test-suite>
              <test-suite type="TestFixture" name="PSDSCUseIdenticalMandatoryParametersForDSC" executed="True" result="Success" success="True" time="0.0364" asserts="0" description="PSDSCUseIdenticalMandatoryParametersForDSC">
                <results />
              </test-suite>
              <test-suite type="TestFixture" name="PSDSCUseIdenticalParametersForDSC" executed="True" result="Success" success="True" time="0.0375" asserts="0" description="PSDSCUseIdenticalParametersForDSC">
                <results />
              </test-suite>
              <test-suite type="TestFixture" name="PSDSCStandardDSCFunctionsInResource" executed="True" result="Success" success="True" time="0.0369" asserts="0" description="PSDSCStandardDSCFunctionsInResource">
                <results />
              </test-suite>
              <test-suite type="TestFixture" name="PSDSCUseVerboseMessageInDSCResource" executed="True" result="Success" success="True" time="0.0447" asserts="0" description="PSDSCUseVerboseMessageInDSCResource">
                <results />
              </test-suite>
            </results>
          </test-suite>
        </results>
      </test-suite>
    </results>
  </test-suite>
</test-results>